0 info it worked if it ends with ok
1 verbose cli [ 'node', '/usr/bin/npm', 'run', 'demo-build' ]
2 info using npm@2.11.1
3 info using node@v0.10.37
4 verbose node symlink /usr/bin/node
5 verbose run-script [ 'predemo-build', 'demo-build', 'postdemo-build' ]
6 info predemo-build canon-react@0.1.0
7 info demo-build canon-react@0.1.0
8 verbose unsafe-perm in lifecycle true
9 info canon-react@0.1.0 Failed to exec demo-build script
10 verbose stack Error: canon-react@0.1.0 demo-build: `grunt demo-build`
10 verbose stack Exit status 6
10 verbose stack     at EventEmitter.<anonymous> (/usr/lib/node_modules/npm/lib/utils/lifecycle.js:213:16)
10 verbose stack     at EventEmitter.emit (events.js:98:17)
10 verbose stack     at ChildProcess.<anonymous> (/usr/lib/node_modules/npm/lib/utils/spawn.js:24:14)
10 verbose stack     at ChildProcess.emit (events.js:98:17)
10 verbose stack     at maybeClose (child_process.js:766:16)
10 verbose stack     at Process.ChildProcess._handle.onexit (child_process.js:833:5)
11 verbose pkgid canon-react@0.1.0
12 verbose cwd /home/edward/Projects/canon-react
13 error Linux 3.16.0-30-generic
14 error argv "node" "/usr/bin/npm" "run" "demo-build"
15 error node v0.10.37
16 error npm  v2.11.1
17 error code ELIFECYCLE
18 error canon-react@0.1.0 demo-build: `grunt demo-build`
18 error Exit status 6
19 error Failed at the canon-react@0.1.0 demo-build script 'grunt demo-build'.
19 error This is most likely a problem with the canon-react package,
19 error not with npm itself.
19 error Tell the author that this fails on your system:
19 error     grunt demo-build
19 error You can get their info via:
19 error     npm owner ls canon-react
19 error There is likely additional logging output above.
20 verbose exit [ 1, true ]
